<?xml version="1.0" encoding="UTF-8"?>
<coverage generated="1759519932376" clover="3.2.0">
  <project timestamp="1759519932377" name="All files">
    <metrics statements="255" coveredstatements="207" conditionals="74" coveredconditionals="26" methods="35" coveredmethods="28" elements="364" coveredelements="261" complexity="0" loc="255" ncloc="255" packages="8" files="13" classes="13"/>
    <package name="Exam">
      <metrics statements="12" coveredstatements="11" conditionals="0" coveredconditionals="0" methods="2" coveredmethods="1"/>
      <file name="app.js" path="C:\Users\HP\Codings\Altschool\Second semester\Assignments\Exam\app.js">
        <metrics statements="12" coveredstatements="11" conditionals="0" coveredconditionals="0" methods="2" coveredmethods="1"/>
        <line num="1" count="3" type="stmt"/>
        <line num="2" count="3" type="stmt"/>
        <line num="3" count="3" type="stmt"/>
        <line num="5" count="3" type="stmt"/>
        <line num="8" count="3" type="stmt"/>
        <line num="10" count="3" type="stmt"/>
        <line num="11" count="3" type="stmt"/>
        <line num="14" count="3" type="stmt"/>
        <line num="15" count="1" type="stmt"/>
        <line num="19" count="3" type="stmt"/>
        <line num="20" count="0" type="stmt"/>
        <line num="24" count="3" type="stmt"/>
      </file>
    </package>
    <package name="Exam.controllers">
      <metrics statements="66" coveredstatements="47" conditionals="22" coveredconditionals="4" methods="9" coveredmethods="7"/>
      <file name="blogs.controller.js" path="C:\Users\HP\Codings\Altschool\Second semester\Assignments\Exam\controllers\blogs.controller.js">
        <metrics statements="50" coveredstatements="39" conditionals="18" coveredconditionals="4" methods="7" coveredmethods="6"/>
        <line num="1" count="3" type="stmt"/>
        <line num="3" count="3" type="stmt"/>
        <line num="4" count="1" type="stmt"/>
        <line num="5" count="1" type="cond" truecount="2" falsecount="0"/>
        <line num="6" count="1" type="stmt"/>
        <line num="7" count="1" type="stmt"/>
        <line num="9" count="0" type="cond" truecount="0" falsecount="2"/>
        <line num="13" count="3" type="stmt"/>
        <line num="14" count="0" type="stmt"/>
        <line num="15" count="0" type="stmt"/>
        <line num="16" count="0" type="stmt"/>
        <line num="17" count="0" type="stmt"/>
        <line num="19" count="0" type="cond" truecount="0" falsecount="2"/>
        <line num="23" count="3" type="stmt"/>
        <line num="24" count="1" type="stmt"/>
        <line num="25" count="1" type="stmt"/>
        <line num="26" count="1" type="cond" truecount="2" falsecount="0"/>
        <line num="27" count="1" type="stmt"/>
        <line num="28" count="1" type="stmt"/>
        <line num="30" count="0" type="cond" truecount="0" falsecount="2"/>
        <line num="34" count="3" type="stmt"/>
        <line num="35" count="2" type="stmt"/>
        <line num="36" count="2" type="stmt"/>
        <line num="37" count="2" type="stmt"/>
        <line num="44" count="2" type="stmt"/>
        <line num="45" count="2" type="stmt"/>
        <line num="47" count="0" type="cond" truecount="0" falsecount="2"/>
        <line num="51" count="3" type="stmt"/>
        <line num="52" count="2" type="stmt"/>
        <line num="53" count="2" type="stmt"/>
        <line num="54" count="2" type="stmt"/>
        <line num="55" count="2" type="stmt"/>
        <line num="56" count="2" type="stmt"/>
        <line num="58" count="0" type="cond" truecount="0" falsecount="2"/>
        <line num="62" count="3" type="stmt"/>
        <line num="63" count="1" type="stmt"/>
        <line num="64" count="1" type="stmt"/>
        <line num="65" count="1" type="stmt"/>
        <line num="66" count="1" type="stmt"/>
        <line num="67" count="1" type="stmt"/>
        <line num="68" count="1" type="stmt"/>
        <line num="70" count="0" type="cond" truecount="0" falsecount="2"/>
        <line num="74" count="3" type="stmt"/>
        <line num="75" count="1" type="stmt"/>
        <line num="76" count="1" type="stmt"/>
        <line num="77" count="1" type="stmt"/>
        <line num="78" count="1" type="stmt"/>
        <line num="79" count="1" type="stmt"/>
        <line num="81" count="0" type="cond" truecount="0" falsecount="2"/>
        <line num="85" count="3" type="stmt"/>
      </file>
      <file name="users.controller.js" path="C:\Users\HP\Codings\Altschool\Second semester\Assignments\Exam\controllers\users.controller.js">
        <metrics statements="16" coveredstatements="8" conditionals="4" coveredconditionals="0" methods="2" coveredmethods="1"/>
        <line num="1" count="3" type="stmt"/>
        <line num="3" count="3" type="stmt"/>
        <line num="4" count="3" type="stmt"/>
        <line num="5" count="3" type="stmt"/>
        <line num="6" count="3" type="stmt"/>
        <line num="7" count="3" type="stmt"/>
        <line num="9" count="0" type="stmt"/>
        <line num="13" count="3" type="stmt"/>
        <line num="14" count="0" type="stmt"/>
        <line num="15" count="0" type="stmt"/>
        <line num="16" count="0" type="cond" truecount="0" falsecount="4"/>
        <line num="17" count="0" type="stmt"/>
        <line num="21" count="0" type="stmt"/>
        <line num="22" count="0" type="stmt"/>
        <line num="24" count="0" type="stmt"/>
        <line num="28" count="3" type="stmt"/>
      </file>
    </package>
    <package name="Exam.middlewares">
      <metrics statements="44" coveredstatements="37" conditionals="10" coveredconditionals="5" methods="4" coveredmethods="4"/>
      <file name="blogs.middleware.js" path="C:\Users\HP\Codings\Altschool\Second semester\Assignments\Exam\middlewares\blogs.middleware.js">
        <metrics statements="32" coveredstatements="26" conditionals="8" coveredconditionals="4" methods="3" coveredmethods="3"/>
        <line num="1" count="3" type="stmt"/>
        <line num="2" count="3" type="stmt"/>
        <line num="3" count="3" type="stmt"/>
        <line num="5" count="3" type="stmt"/>
        <line num="6" count="2" type="stmt"/>
        <line num="13" count="2" type="stmt"/>
        <line num="14" count="2" type="stmt"/>
        <line num="15" count="2" type="stmt"/>
        <line num="16" count="2" type="cond" truecount="1" falsecount="1"/>
        <line num="17" count="0" type="stmt"/>
        <line num="19" count="2" type="stmt"/>
        <line num="21" count="0" type="stmt"/>
        <line num="25" count="3" type="stmt"/>
        <line num="26" count="1" type="stmt"/>
        <line num="33" count="1" type="stmt"/>
        <line num="34" count="1" type="stmt"/>
        <line num="36" count="1" type="cond" truecount="1" falsecount="1"/>
        <line num="37" count="1" type="stmt"/>
        <line num="43" count="1" type="cond" truecount="1" falsecount="1"/>
        <line num="44" count="0" type="stmt"/>
        <line num="48" count="1" type="stmt"/>
        <line num="50" count="0" type="stmt"/>
        <line num="55" count="3" type="stmt"/>
        <line num="56" count="7" type="stmt"/>
        <line num="57" count="7" type="cond" truecount="1" falsecount="1"/>
        <line num="58" count="0" type="stmt"/>
        <line num="60" count="7" type="stmt"/>
        <line num="61" count="7" type="stmt"/>
        <line num="62" count="7" type="stmt"/>
        <line num="63" count="7" type="stmt"/>
        <line num="65" count="0" type="stmt"/>
        <line num="69" count="3" type="stmt"/>
      </file>
      <file name="users.middleware.js" path="C:\Users\HP\Codings\Altschool\Second semester\Assignments\Exam\middlewares\users.middleware.js">
        <metrics statements="12" coveredstatements="11" conditionals="2" coveredconditionals="1" methods="1" coveredmethods="1"/>
        <line num="1" count="3" type="stmt"/>
        <line num="2" count="3" type="stmt"/>
        <line num="4" count="3" type="stmt"/>
        <line num="5" count="4" type="stmt"/>
        <line num="11" count="4" type="stmt"/>
        <line num="12" count="4" type="stmt"/>
        <line num="13" count="3" type="stmt"/>
        <line num="14" count="3" type="cond" truecount="1" falsecount="1"/>
        <line num="15" count="0" type="stmt"/>
        <line num="17" count="3" type="stmt"/>
        <line num="19" count="1" type="stmt"/>
        <line num="23" count="3" type="stmt"/>
      </file>
    </package>
    <package name="Exam.models">
      <metrics statements="20" coveredstatements="18" conditionals="4" coveredconditionals="2" methods="3" coveredmethods="2"/>
      <file name="blogs.model.js" path="C:\Users\HP\Codings\Altschool\Second semester\Assignments\Exam\models\blogs.model.js">
        <metrics statements="9" coveredstatements="9" conditionals="2" coveredconditionals="1" methods="1" coveredmethods="1"/>
        <line num="1" count="3" type="stmt"/>
        <line num="3" count="3" type="stmt"/>
        <line num="40" count="3" type="stmt"/>
        <line num="41" count="2" type="stmt"/>
        <line num="42" count="2" type="cond" truecount="1" falsecount="1"/>
        <line num="43" count="2" type="stmt"/>
        <line num="44" count="2" type="stmt"/>
        <line num="45" count="2" type="stmt"/>
        <line num="48" count="3" type="stmt"/>
      </file>
      <file name="users.model.js" path="C:\Users\HP\Codings\Altschool\Second semester\Assignments\Exam\models\users.model.js">
        <metrics statements="11" coveredstatements="9" conditionals="2" coveredconditionals="1" methods="2" coveredmethods="1"/>
        <line num="1" count="3" type="stmt"/>
        <line num="2" count="3" type="stmt"/>
        <line num="4" count="3" type="stmt"/>
        <line num="26" count="3" type="stmt"/>
        <line num="27" count="3" type="cond" truecount="1" falsecount="1"/>
        <line num="28" count="0" type="stmt"/>
        <line num="30" count="3" type="stmt"/>
        <line num="31" count="3" type="stmt"/>
        <line num="35" count="3" type="stmt"/>
        <line num="36" count="0" type="stmt"/>
        <line num="39" count="3" type="stmt"/>
      </file>
    </package>
    <package name="Exam.routes">
      <metrics statements="20" coveredstatements="20" conditionals="0" coveredconditionals="0" methods="0" coveredmethods="0"/>
      <file name="blogs.route.js" path="C:\Users\HP\Codings\Altschool\Second semester\Assignments\Exam\routes\blogs.route.js">
        <metrics statements="13" coveredstatements="13" conditionals="0" coveredconditionals="0" methods="0" coveredmethods="0"/>
        <line num="1" count="3" type="stmt"/>
        <line num="2" count="3" type="stmt"/>
        <line num="3" count="3" type="stmt"/>
        <line num="4" count="3" type="stmt"/>
        <line num="7" count="3" type="stmt"/>
        <line num="9" count="3" type="stmt"/>
        <line num="10" count="3" type="stmt"/>
        <line num="12" count="3" type="stmt"/>
        <line num="14" count="3" type="stmt"/>
        <line num="15" count="3" type="stmt"/>
        <line num="16" count="3" type="stmt"/>
        <line num="17" count="3" type="stmt"/>
        <line num="20" count="3" type="stmt"/>
      </file>
      <file name="users.route.js" path="C:\Users\HP\Codings\Altschool\Second semester\Assignments\Exam\routes\users.route.js">
        <metrics statements="7" coveredstatements="7" conditionals="0" coveredconditionals="0" methods="0" coveredmethods="0"/>
        <line num="1" count="3" type="stmt"/>
        <line num="2" count="3" type="stmt"/>
        <line num="3" count="3" type="stmt"/>
        <line num="4" count="3" type="stmt"/>
        <line num="6" count="3" type="stmt"/>
        <line num="7" count="3" type="stmt"/>
        <line num="9" count="3" type="stmt"/>
      </file>
    </package>
    <package name="Exam.services">
      <metrics statements="69" coveredstatements="50" conditionals="38" coveredconditionals="15" methods="10" coveredmethods="7"/>
      <file name="blogs.service.js" path="C:\Users\HP\Codings\Altschool\Second semester\Assignments\Exam\services\blogs.service.js">
        <metrics statements="53" coveredstatements="42" conditionals="34" coveredconditionals="15" methods="8" coveredmethods="6"/>
        <line num="1" count="3" type="stmt"/>
        <line num="2" count="3" type="stmt"/>
        <line num="4" count="3" type="stmt"/>
        <line num="5" count="1" type="cond" truecount="2" falsecount="2"/>
        <line num="6" count="1" type="stmt"/>
        <line num="7" count="1" type="cond" truecount="1" falsecount="1"/>
        <line num="8" count="0" type="stmt"/>
        <line num="10" count="1" type="cond" truecount="1" falsecount="1"/>
        <line num="11" count="0" type="stmt"/>
        <line num="13" count="1" type="cond" truecount="1" falsecount="1"/>
        <line num="14" count="0" type="stmt"/>
        <line num="16" count="1" type="stmt"/>
        <line num="17" count="1" type="cond" truecount="1" falsecount="1"/>
        <line num="18" count="1" type="cond" truecount="1" falsecount="1"/>
        <line num="19" count="1" type="stmt"/>
        <line num="23" count="1" type="stmt"/>
        <line num="30" count="3" type="stmt"/>
        <line num="31" count="0" type="stmt"/>
        <line num="37" count="0" type="cond" truecount="0" falsecount="2"/>
        <line num="38" count="0" type="stmt"/>
        <line num="44" count="0" type="stmt"/>
        <line num="51" count="3" type="stmt"/>
        <line num="52" count="1" type="cond" truecount="0" falsecount="2"/>
        <line num="53" count="1" type="stmt"/>
        <line num="54" count="1" type="cond" truecount="1" falsecount="1"/>
        <line num="55" count="0" type="stmt"/>
        <line num="57" count="1" type="stmt"/>
        <line num="61" count="1" type="stmt"/>
        <line num="68" count="3" type="stmt"/>
        <line num="69" count="2" type="stmt"/>
        <line num="70" count="2" type="stmt"/>
        <line num="77" count="3" type="stmt"/>
        <line num="78" count="2" type="stmt"/>
        <line num="83" count="2" type="cond" truecount="1" falsecount="1"/>
        <line num="84" count="0" type="stmt"/>
        <line num="89" count="2" type="stmt"/>
        <line num="96" count="3" type="stmt"/>
        <line num="97" count="1" type="stmt"/>
        <line num="98" count="1" type="stmt"/>
        <line num="99" count="1" type="cond" truecount="1" falsecount="1"/>
        <line num="100" count="1" type="cond" truecount="1" falsecount="1"/>
        <line num="101" count="1" type="cond" truecount="1" falsecount="1"/>
        <line num="102" count="1" type="cond" truecount="1" falsecount="1"/>
        <line num="103" count="1" type="stmt"/>
        <line num="108" count="1" type="cond" truecount="1" falsecount="1"/>
        <line num="109" count="1" type="stmt"/>
        <line num="114" count="0" type="stmt"/>
        <line num="121" count="3" type="stmt"/>
        <line num="122" count="1" type="stmt"/>
        <line num="125" count="1" type="cond" truecount="1" falsecount="1"/>
        <line num="126" count="0" type="stmt"/>
        <line num="131" count="1" type="stmt"/>
        <line num="137" count="3" type="stmt"/>
      </file>
      <file name="users.service.js" path="C:\Users\HP\Codings\Altschool\Second semester\Assignments\Exam\services\users.service.js">
        <metrics statements="16" coveredstatements="8" conditionals="4" coveredconditionals="0" methods="2" coveredmethods="1"/>
        <line num="1" count="3" type="stmt"/>
        <line num="2" count="3" type="stmt"/>
        <line num="4" count="3" type="stmt"/>
        <line num="5" count="3" type="stmt"/>
        <line num="7" count="3" type="stmt"/>
        <line num="13" count="3" type="stmt"/>
        <line num="20" count="3" type="stmt"/>
        <line num="21" count="0" type="stmt"/>
        <line num="22" count="0" type="cond" truecount="0" falsecount="2"/>
        <line num="23" count="0" type="stmt"/>
        <line num="29" count="0" type="stmt"/>
        <line num="30" count="0" type="cond" truecount="0" falsecount="2"/>
        <line num="31" count="0" type="stmt"/>
        <line num="37" count="0" type="stmt"/>
        <line num="43" count="0" type="stmt"/>
        <line num="50" count="3" type="stmt"/>
      </file>
    </package>
    <package name="Exam.tests">
      <metrics statements="17" coveredstatements="17" conditionals="0" coveredconditionals="0" methods="5" coveredmethods="5"/>
      <file name="database.js" path="C:\Users\HP\Codings\Altschool\Second semester\Assignments\Exam\tests\database.js">
        <metrics statements="17" coveredstatements="17" conditionals="0" coveredconditionals="0" methods="5" coveredmethods="5"/>
        <line num="1" count="2" type="stmt"/>
        <line num="2" count="2" type="stmt"/>
        <line num="5" count="2" type="stmt"/>
        <line num="9" count="2" type="stmt"/>
        <line num="10" count="2" type="stmt"/>
        <line num="14" count="2" type="stmt"/>
        <line num="15" count="2" type="stmt"/>
        <line num="16" count="2" type="stmt"/>
        <line num="22" count="2" type="stmt"/>
        <line num="23" count="2" type="stmt"/>
        <line num="27" count="2" type="stmt"/>
        <line num="28" count="2" type="stmt"/>
        <line num="29" count="4" type="stmt"/>
        <line num="34" count="2" type="stmt"/>
        <line num="35" count="2" type="stmt"/>
        <line num="36" count="2" type="stmt"/>
        <line num="37" count="2" type="stmt"/>
      </file>
    </package>
    <package name="Exam.utils">
      <metrics statements="7" coveredstatements="7" conditionals="0" coveredconditionals="0" methods="2" coveredmethods="2"/>
      <file name="jwt.js" path="C:\Users\HP\Codings\Altschool\Second semester\Assignments\Exam\utils\jwt.js">
        <metrics statements="7" coveredstatements="7" conditionals="0" coveredconditionals="0" methods="2" coveredmethods="2"/>
        <line num="1" count="3" type="stmt"/>
        <line num="2" count="3" type="stmt"/>
        <line num="4" count="3" type="stmt"/>
        <line num="5" count="3" type="stmt"/>
        <line num="8" count="3" type="stmt"/>
        <line num="9" count="7" type="stmt"/>
        <line num="12" count="3" type="stmt"/>
      </file>
    </package>
  </project>
</coverage>
