{"C:\\Users\\HP\\Codings\\Altschool\\Second semester\\Assignments\\Exam\\app.js": {"path":"C:\\Users\\HP\\Codings\\Altschool\\Second semester\\Assignments\\Exam\\app.js","statementMap":{"0":{"start":{"line":1,"column":16},"end":{"line":1,"column":34}},"1":{"start":{"line":2,"column":18},"end":{"line":2,"column":49}},"2":{"start":{"line":3,"column":18},"end":{"line":3,"column":49}},"3":{"start":{"line":5,"column":12},"end":{"line":5,"column":21}},"4":{"start":{"line":8,"column":0},"end":{"line":8,"column":24}},"5":{"start":{"line":10,"column":0},"end":{"line":10,"column":36}},"6":{"start":{"line":11,"column":0},"end":{"line":11,"column":36}},"7":{"start":{"line":14,"column":0},"end":{"line":16,"column":3}},"8":{"start":{"line":15,"column":2},"end":{"line":15,"column":59}},"9":{"start":{"line":19,"column":0},"end":{"line":21,"column":3}},"10":{"start":{"line":20,"column":2},"end":{"line":20,"column":55}},"11":{"start":{"line":24,"column":0},"end":{"line":24,"column":21}}},"fnMap":{"0":{"name":"(anonymous_0)","decl":{"start":{"line":14,"column":13},"end":{"line":14,"column":14}},"loc":{"start":{"line":14,"column":27},"end":{"line":16,"column":1}},"line":14},"1":{"name":"(anonymous_1)","decl":{"start":{"line":19,"column":8},"end":{"line":19,"column":9}},"loc":{"start":{"line":19,"column":22},"end":{"line":21,"column":1}},"line":19}},"branchMap":{},"s":{"0":3,"1":3,"2":3,"3":3,"4":3,"5":3,"6":3,"7":3,"8":1,"9":3,"10":0,"11":3},"f":{"0":1,"1":0},"b":{},"_coverageSchema":"1a1c01bbd47fc00a2c39e90264f33305004495a9","hash":"3e0d5b29f94e590a6465ea6f256b864c83d2cf63"}
,"C:\\Users\\HP\\Codings\\Altschool\\Second semester\\Assignments\\Exam\\controllers\\blogs.controller.js": {"path":"C:\\Users\\HP\\Codings\\Altschool\\Second semester\\Assignments\\Exam\\controllers\\blogs.controller.js","statementMap":{"0":{"start":{"line":1,"column":20},"end":{"line":1,"column":56}},"1":{"start":{"line":3,"column":29},"end":{"line":11,"column":1}},"2":{"start":{"line":4,"column":4},"end":{"line":10,"column":5}},"3":{"start":{"line":5,"column":77},"end":{"line":5,"column":86}},"4":{"start":{"line":6,"column":25},"end":{"line":6,"column":116}},"5":{"start":{"line":7,"column":8},"end":{"line":7,"column":49}},"6":{"start":{"line":9,"column":8},"end":{"line":9,"column":124}},"7":{"start":{"line":13,"column":25},"end":{"line":21,"column":1}},"8":{"start":{"line":14,"column":4},"end":{"line":20,"column":5}},"9":{"start":{"line":15,"column":31},"end":{"line":15,"column":41}},"10":{"start":{"line":16,"column":25},"end":{"line":16,"column":67}},"11":{"start":{"line":17,"column":8},"end":{"line":17,"column":49}},"12":{"start":{"line":19,"column":8},"end":{"line":19,"column":143}},"13":{"start":{"line":23,"column":21},"end":{"line":32,"column":1}},"14":{"start":{"line":24,"column":4},"end":{"line":31,"column":5}},"15":{"start":{"line":25,"column":23},"end":{"line":25,"column":34}},"16":{"start":{"line":26,"column":48},"end":{"line":26,"column":57}},"17":{"start":{"line":27,"column":25},"end":{"line":27,"column":87}},"18":{"start":{"line":28,"column":8},"end":{"line":28,"column":49}},"19":{"start":{"line":30,"column":8},"end":{"line":30,"column":119}},"20":{"start":{"line":34,"column":19},"end":{"line":49,"column":1}},"21":{"start":{"line":35,"column":4},"end":{"line":48,"column":5}},"22":{"start":{"line":36,"column":49},"end":{"line":36,"column":57}},"23":{"start":{"line":37,"column":25},"end":{"line":43,"column":9}},"24":{"start":{"line":44,"column":25},"end":{"line":44,"column":63}},"25":{"start":{"line":45,"column":8},"end":{"line":45,"column":49}},"26":{"start":{"line":47,"column":8},"end":{"line":47,"column":115}},"27":{"start":{"line":51,"column":20},"end":{"line":60,"column":1}},"28":{"start":{"line":52,"column":4},"end":{"line":59,"column":5}},"29":{"start":{"line":53,"column":23},"end":{"line":53,"column":34}},"30":{"start":{"line":54,"column":31},"end":{"line":54,"column":41}},"31":{"start":{"line":55,"column":25},"end":{"line":55,"column":70}},"32":{"start":{"line":56,"column":8},"end":{"line":56,"column":49}},"33":{"start":{"line":58,"column":8},"end":{"line":58,"column":117}},"34":{"start":{"line":62,"column":17},"end":{"line":72,"column":1}},"35":{"start":{"line":63,"column":4},"end":{"line":71,"column":5}},"36":{"start":{"line":64,"column":23},"end":{"line":64,"column":34}},"37":{"start":{"line":65,"column":31},"end":{"line":65,"column":41}},"38":{"start":{"line":66,"column":25},"end":{"line":66,"column":33}},"39":{"start":{"line":67,"column":25},"end":{"line":67,"column":77}},"40":{"start":{"line":68,"column":8},"end":{"line":68,"column":49}},"41":{"start":{"line":70,"column":8},"end":{"line":70,"column":114}},"42":{"start":{"line":74,"column":19},"end":{"line":83,"column":1}},"43":{"start":{"line":75,"column":4},"end":{"line":82,"column":5}},"44":{"start":{"line":76,"column":23},"end":{"line":76,"column":34}},"45":{"start":{"line":77,"column":31},"end":{"line":77,"column":41}},"46":{"start":{"line":78,"column":25},"end":{"line":78,"column":69}},"47":{"start":{"line":79,"column":8},"end":{"line":79,"column":49}},"48":{"start":{"line":81,"column":8},"end":{"line":81,"column":115}},"49":{"start":{"line":85,"column":0},"end":{"line":93,"column":2}}},"fnMap":{"0":{"name":"(anonymous_0)","decl":{"start":{"line":3,"column":29},"end":{"line":3,"column":30}},"loc":{"start":{"line":3,"column":49},"end":{"line":11,"column":1}},"line":3},"1":{"name":"(anonymous_1)","decl":{"start":{"line":13,"column":25},"end":{"line":13,"column":26}},"loc":{"start":{"line":13,"column":45},"end":{"line":21,"column":1}},"line":13},"2":{"name":"(anonymous_2)","decl":{"start":{"line":23,"column":21},"end":{"line":23,"column":22}},"loc":{"start":{"line":23,"column":41},"end":{"line":32,"column":1}},"line":23},"3":{"name":"(anonymous_3)","decl":{"start":{"line":34,"column":19},"end":{"line":34,"column":20}},"loc":{"start":{"line":34,"column":39},"end":{"line":49,"column":1}},"line":34},"4":{"name":"(anonymous_4)","decl":{"start":{"line":51,"column":20},"end":{"line":51,"column":21}},"loc":{"start":{"line":51,"column":40},"end":{"line":60,"column":1}},"line":51},"5":{"name":"(anonymous_5)","decl":{"start":{"line":62,"column":17},"end":{"line":62,"column":18}},"loc":{"start":{"line":62,"column":37},"end":{"line":72,"column":1}},"line":62},"6":{"name":"(anonymous_6)","decl":{"start":{"line":74,"column":19},"end":{"line":74,"column":20}},"loc":{"start":{"line":74,"column":39},"end":{"line":83,"column":1}},"line":74}},"branchMap":{"0":{"loc":{"start":{"line":5,"column":16},"end":{"line":5,"column":24}},"type":"default-arg","locations":[{"start":{"line":5,"column":23},"end":{"line":5,"column":24}}],"line":5},"1":{"loc":{"start":{"line":5,"column":26},"end":{"line":5,"column":36}},"type":"default-arg","locations":[{"start":{"line":5,"column":34},"end":{"line":5,"column":36}}],"line":5},"2":{"loc":{"start":{"line":9,"column":51},"end":{"line":9,"column":120}},"type":"binary-expr","locations":[{"start":{"line":9,"column":51},"end":{"line":9,"column":64}},{"start":{"line":9,"column":68},"end":{"line":9,"column":120}}],"line":9},"3":{"loc":{"start":{"line":19,"column":67},"end":{"line":19,"column":139}},"type":"binary-expr","locations":[{"start":{"line":19,"column":67},"end":{"line":19,"column":80}},{"start":{"line":19,"column":84},"end":{"line":19,"column":139}}],"line":19},"4":{"loc":{"start":{"line":26,"column":23},"end":{"line":26,"column":31}},"type":"default-arg","locations":[{"start":{"line":26,"column":30},"end":{"line":26,"column":31}}],"line":26},"5":{"loc":{"start":{"line":26,"column":33},"end":{"line":26,"column":43}},"type":"default-arg","locations":[{"start":{"line":26,"column":41},"end":{"line":26,"column":43}}],"line":26},"6":{"loc":{"start":{"line":30,"column":51},"end":{"line":30,"column":115}},"type":"binary-expr","locations":[{"start":{"line":30,"column":51},"end":{"line":30,"column":64}},{"start":{"line":30,"column":68},"end":{"line":30,"column":115}}],"line":30},"7":{"loc":{"start":{"line":47,"column":51},"end":{"line":47,"column":111}},"type":"binary-expr","locations":[{"start":{"line":47,"column":51},"end":{"line":47,"column":64}},{"start":{"line":47,"column":68},"end":{"line":47,"column":111}}],"line":47},"8":{"loc":{"start":{"line":58,"column":51},"end":{"line":58,"column":113}},"type":"binary-expr","locations":[{"start":{"line":58,"column":51},"end":{"line":58,"column":64}},{"start":{"line":58,"column":68},"end":{"line":58,"column":113}}],"line":58},"9":{"loc":{"start":{"line":70,"column":51},"end":{"line":70,"column":110}},"type":"binary-expr","locations":[{"start":{"line":70,"column":51},"end":{"line":70,"column":64}},{"start":{"line":70,"column":68},"end":{"line":70,"column":110}}],"line":70},"10":{"loc":{"start":{"line":81,"column":51},"end":{"line":81,"column":111}},"type":"binary-expr","locations":[{"start":{"line":81,"column":51},"end":{"line":81,"column":64}},{"start":{"line":81,"column":68},"end":{"line":81,"column":111}}],"line":81}},"s":{"0":3,"1":3,"2":1,"3":1,"4":1,"5":1,"6":0,"7":3,"8":0,"9":0,"10":0,"11":0,"12":0,"13":3,"14":1,"15":1,"16":1,"17":1,"18":1,"19":0,"20":3,"21":2,"22":2,"23":2,"24":2,"25":2,"26":0,"27":3,"28":2,"29":2,"30":2,"31":2,"32":2,"33":0,"34":3,"35":1,"36":1,"37":1,"38":1,"39":1,"40":1,"41":0,"42":3,"43":1,"44":1,"45":1,"46":1,"47":1,"48":0,"49":3},"f":{"0":1,"1":0,"2":1,"3":2,"4":2,"5":1,"6":1},"b":{"0":[1],"1":[1],"2":[0,0],"3":[0,0],"4":[1],"5":[1],"6":[0,0],"7":[0,0],"8":[0,0],"9":[0,0],"10":[0,0]},"_coverageSchema":"1a1c01bbd47fc00a2c39e90264f33305004495a9","hash":"89056fc1deeae524dc2d757060cc27891a406fc7"}
,"C:\\Users\\HP\\Codings\\Altschool\\Second semester\\Assignments\\Exam\\controllers\\users.controller.js": {"path":"C:\\Users\\HP\\Codings\\Altschool\\Second semester\\Assignments\\Exam\\controllers\\users.controller.js","statementMap":{"0":{"start":{"line":1,"column":20},"end":{"line":1,"column":56}},"1":{"start":{"line":3,"column":15},"end":{"line":11,"column":1}},"2":{"start":{"line":4,"column":4},"end":{"line":10,"column":5}},"3":{"start":{"line":5,"column":25},"end":{"line":5,"column":33}},"4":{"start":{"line":6,"column":25},"end":{"line":6,"column":59}},"5":{"start":{"line":7,"column":8},"end":{"line":7,"column":49}},"6":{"start":{"line":9,"column":8},"end":{"line":9,"column":96}},"7":{"start":{"line":13,"column":14},"end":{"line":26,"column":1}},"8":{"start":{"line":14,"column":4},"end":{"line":25,"column":5}},"9":{"start":{"line":15,"column":36},"end":{"line":15,"column":44}},"10":{"start":{"line":16,"column":8},"end":{"line":20,"column":9}},"11":{"start":{"line":17,"column":12},"end":{"line":19,"column":13}},"12":{"start":{"line":21,"column":25},"end":{"line":21,"column":69}},"13":{"start":{"line":22,"column":8},"end":{"line":22,"column":49}},"14":{"start":{"line":24,"column":8},"end":{"line":24,"column":96}},"15":{"start":{"line":28,"column":0},"end":{"line":31,"column":2}}},"fnMap":{"0":{"name":"(anonymous_0)","decl":{"start":{"line":3,"column":15},"end":{"line":3,"column":16}},"loc":{"start":{"line":3,"column":35},"end":{"line":11,"column":1}},"line":3},"1":{"name":"(anonymous_1)","decl":{"start":{"line":13,"column":14},"end":{"line":13,"column":15}},"loc":{"start":{"line":13,"column":34},"end":{"line":26,"column":1}},"line":13}},"branchMap":{"0":{"loc":{"start":{"line":16,"column":8},"end":{"line":20,"column":9}},"type":"if","locations":[{"start":{"line":16,"column":8},"end":{"line":20,"column":9}},{"start":{},"end":{}}],"line":16},"1":{"loc":{"start":{"line":16,"column":12},"end":{"line":16,"column":31}},"type":"binary-expr","locations":[{"start":{"line":16,"column":12},"end":{"line":16,"column":18}},{"start":{"line":16,"column":22},"end":{"line":16,"column":31}}],"line":16}},"s":{"0":3,"1":3,"2":3,"3":3,"4":3,"5":3,"6":0,"7":3,"8":0,"9":0,"10":0,"11":0,"12":0,"13":0,"14":0,"15":3},"f":{"0":3,"1":0},"b":{"0":[0,0],"1":[0,0]},"_coverageSchema":"1a1c01bbd47fc00a2c39e90264f33305004495a9","hash":"14991cc509ec2efd1b5c0ed95b920a1433e67070"}
,"C:\\Users\\HP\\Codings\\Altschool\\Second semester\\Assignments\\Exam\\middlewares\\blogs.middleware.js": {"path":"C:\\Users\\HP\\Codings\\Altschool\\Second semester\\Assignments\\Exam\\middlewares\\blogs.middleware.js","statementMap":{"0":{"start":{"line":1,"column":12},"end":{"line":1,"column":26}},"1":{"start":{"line":2,"column":18},"end":{"line":2,"column":50}},"2":{"start":{"line":3,"column":16},"end":{"line":3,"column":39}},"3":{"start":{"line":5,"column":21},"end":{"line":23,"column":1}},"4":{"start":{"line":6,"column":19},"end":{"line":12,"column":6}},"5":{"start":{"line":13,"column":4},"end":{"line":22,"column":5}},"6":{"start":{"line":14,"column":8},"end":{"line":14,"column":69}},"7":{"start":{"line":15,"column":29},"end":{"line":15,"column":101}},"8":{"start":{"line":16,"column":8},"end":{"line":18,"column":9}},"9":{"start":{"line":17,"column":12},"end":{"line":17,"column":82}},"10":{"start":{"line":19,"column":8},"end":{"line":19,"column":15}},"11":{"start":{"line":21,"column":8},"end":{"line":21,"column":57}},"12":{"start":{"line":25,"column":25},"end":{"line":52,"column":1}},"13":{"start":{"line":26,"column":19},"end":{"line":31,"column":6}},"14":{"start":{"line":33,"column":4},"end":{"line":51,"column":5}},"15":{"start":{"line":34,"column":8},"end":{"line":34,"column":69}},"16":{"start":{"line":36,"column":8},"end":{"line":46,"column":9}},"17":{"start":{"line":37,"column":33},"end":{"line":41,"column":14}},"18":{"start":{"line":43,"column":12},"end":{"line":45,"column":13}},"19":{"start":{"line":44,"column":16},"end":{"line":44,"column":86}},"20":{"start":{"line":48,"column":8},"end":{"line":48,"column":15}},"21":{"start":{"line":50,"column":8},"end":{"line":50,"column":57}},"22":{"start":{"line":55,"column":21},"end":{"line":67,"column":1}},"23":{"start":{"line":56,"column":18},"end":{"line":56,"column":58}},"24":{"start":{"line":57,"column":4},"end":{"line":59,"column":5}},"25":{"start":{"line":58,"column":8},"end":{"line":58,"column":86}},"26":{"start":{"line":60,"column":4},"end":{"line":66,"column":5}},"27":{"start":{"line":61,"column":24},"end":{"line":61,"column":45}},"28":{"start":{"line":62,"column":8},"end":{"line":62,"column":27}},"29":{"start":{"line":63,"column":8},"end":{"line":63,"column":15}},"30":{"start":{"line":65,"column":8},"end":{"line":65,"column":60}},"31":{"start":{"line":69,"column":0},"end":{"line":73,"column":2}}},"fnMap":{"0":{"name":"(anonymous_0)","decl":{"start":{"line":5,"column":21},"end":{"line":5,"column":22}},"loc":{"start":{"line":5,"column":47},"end":{"line":23,"column":1}},"line":5},"1":{"name":"(anonymous_1)","decl":{"start":{"line":25,"column":25},"end":{"line":25,"column":26}},"loc":{"start":{"line":25,"column":51},"end":{"line":52,"column":1}},"line":25},"2":{"name":"(anonymous_2)","decl":{"start":{"line":55,"column":21},"end":{"line":55,"column":22}},"loc":{"start":{"line":55,"column":41},"end":{"line":67,"column":1}},"line":55}},"branchMap":{"0":{"loc":{"start":{"line":16,"column":8},"end":{"line":18,"column":9}},"type":"if","locations":[{"start":{"line":16,"column":8},"end":{"line":18,"column":9}},{"start":{},"end":{}}],"line":16},"1":{"loc":{"start":{"line":36,"column":8},"end":{"line":46,"column":9}},"type":"if","locations":[{"start":{"line":36,"column":8},"end":{"line":46,"column":9}},{"start":{},"end":{}}],"line":36},"2":{"loc":{"start":{"line":43,"column":12},"end":{"line":45,"column":13}},"type":"if","locations":[{"start":{"line":43,"column":12},"end":{"line":45,"column":13}},{"start":{},"end":{}}],"line":43},"3":{"loc":{"start":{"line":57,"column":4},"end":{"line":59,"column":5}},"type":"if","locations":[{"start":{"line":57,"column":4},"end":{"line":59,"column":5}},{"start":{},"end":{}}],"line":57}},"s":{"0":3,"1":3,"2":3,"3":3,"4":2,"5":2,"6":2,"7":2,"8":2,"9":0,"10":2,"11":0,"12":3,"13":1,"14":1,"15":1,"16":1,"17":1,"18":1,"19":0,"20":1,"21":0,"22":3,"23":7,"24":7,"25":0,"26":7,"27":7,"28":7,"29":7,"30":0,"31":3},"f":{"0":2,"1":1,"2":7},"b":{"0":[0,2],"1":[1,0],"2":[0,1],"3":[0,7]},"_coverageSchema":"1a1c01bbd47fc00a2c39e90264f33305004495a9","hash":"78448e4356720c358a0a1efec8642119ffaf3322"}
,"C:\\Users\\HP\\Codings\\Altschool\\Second semester\\Assignments\\Exam\\middlewares\\users.middleware.js": {"path":"C:\\Users\\HP\\Codings\\Altschool\\Second semester\\Assignments\\Exam\\middlewares\\users.middleware.js","statementMap":{"0":{"start":{"line":1,"column":12},"end":{"line":1,"column":26}},"1":{"start":{"line":2,"column":18},"end":{"line":2,"column":50}},"2":{"start":{"line":4,"column":23},"end":{"line":21,"column":1}},"3":{"start":{"line":5,"column":19},"end":{"line":10,"column":6}},"4":{"start":{"line":11,"column":4},"end":{"line":20,"column":5}},"5":{"start":{"line":12,"column":8},"end":{"line":12,"column":45}},"6":{"start":{"line":13,"column":29},"end":{"line":13,"column":79}},"7":{"start":{"line":14,"column":8},"end":{"line":16,"column":9}},"8":{"start":{"line":15,"column":12},"end":{"line":15,"column":77}},"9":{"start":{"line":17,"column":8},"end":{"line":17,"column":15}},"10":{"start":{"line":19,"column":8},"end":{"line":19,"column":56}},"11":{"start":{"line":23,"column":0},"end":{"line":25,"column":2}}},"fnMap":{"0":{"name":"(anonymous_0)","decl":{"start":{"line":4,"column":23},"end":{"line":4,"column":24}},"loc":{"start":{"line":4,"column":49},"end":{"line":21,"column":1}},"line":4}},"branchMap":{"0":{"loc":{"start":{"line":14,"column":8},"end":{"line":16,"column":9}},"type":"if","locations":[{"start":{"line":14,"column":8},"end":{"line":16,"column":9}},{"start":{},"end":{}}],"line":14}},"s":{"0":3,"1":3,"2":3,"3":4,"4":4,"5":4,"6":3,"7":3,"8":0,"9":3,"10":1,"11":3},"f":{"0":4},"b":{"0":[0,3]},"_coverageSchema":"1a1c01bbd47fc00a2c39e90264f33305004495a9","hash":"3e02b60e974d6464a62598b5cbd413381f539657"}
,"C:\\Users\\HP\\Codings\\Altschool\\Second semester\\Assignments\\Exam\\models\\blogs.model.js": {"path":"C:\\Users\\HP\\Codings\\Altschool\\Second semester\\Assignments\\Exam\\models\\blogs.model.js","statementMap":{"0":{"start":{"line":1,"column":17},"end":{"line":1,"column":36}},"1":{"start":{"line":3,"column":19},"end":{"line":38,"column":24}},"2":{"start":{"line":40,"column":0},"end":{"line":46,"column":3}},"3":{"start":{"line":41,"column":27},"end":{"line":41,"column":30}},"4":{"start":{"line":42,"column":17},"end":{"line":42,"column":32}},"5":{"start":{"line":43,"column":22},"end":{"line":43,"column":46}},"6":{"start":{"line":44,"column":4},"end":{"line":44,"column":62}},"7":{"start":{"line":45,"column":4},"end":{"line":45,"column":11}},"8":{"start":{"line":48,"column":0},"end":{"line":48,"column":52}}},"fnMap":{"0":{"name":"(anonymous_0)","decl":{"start":{"line":40,"column":23},"end":{"line":40,"column":24}},"loc":{"start":{"line":40,"column":39},"end":{"line":46,"column":1}},"line":40}},"branchMap":{"0":{"loc":{"start":{"line":42,"column":17},"end":{"line":42,"column":32}},"type":"binary-expr","locations":[{"start":{"line":42,"column":17},"end":{"line":42,"column":26}},{"start":{"line":42,"column":30},"end":{"line":42,"column":32}}],"line":42}},"s":{"0":3,"1":3,"2":3,"3":2,"4":2,"5":2,"6":2,"7":2,"8":3},"f":{"0":2},"b":{"0":[2,0]},"_coverageSchema":"1a1c01bbd47fc00a2c39e90264f33305004495a9","hash":"4d2a244e9dad9cb0b8f64e05075cc6d85bcea90f"}
,"C:\\Users\\HP\\Codings\\Altschool\\Second semester\\Assignments\\Exam\\models\\users.model.js": {"path":"C:\\Users\\HP\\Codings\\Altschool\\Second semester\\Assignments\\Exam\\models\\users.model.js","statementMap":{"0":{"start":{"line":1,"column":17},"end":{"line":1,"column":36}},"1":{"start":{"line":2,"column":15},"end":{"line":2,"column":32}},"2":{"start":{"line":4,"column":19},"end":{"line":23,"column":24}},"3":{"start":{"line":26,"column":0},"end":{"line":32,"column":5}},"4":{"start":{"line":27,"column":2},"end":{"line":29,"column":3}},"5":{"start":{"line":28,"column":4},"end":{"line":28,"column":18}},"6":{"start":{"line":30,"column":4},"end":{"line":30,"column":57}},"7":{"start":{"line":31,"column":4},"end":{"line":31,"column":11}},"8":{"start":{"line":35,"column":0},"end":{"line":37,"column":2}},"9":{"start":{"line":36,"column":2},"end":{"line":36,"column":53}},"10":{"start":{"line":39,"column":0},"end":{"line":39,"column":52}}},"fnMap":{"0":{"name":"(anonymous_0)","decl":{"start":{"line":26,"column":23},"end":{"line":26,"column":24}},"loc":{"start":{"line":26,"column":45},"end":{"line":32,"column":3}},"line":26},"1":{"name":"(anonymous_1)","decl":{"start":{"line":35,"column":37},"end":{"line":35,"column":38}},"loc":{"start":{"line":35,"column":61},"end":{"line":37,"column":1}},"line":35}},"branchMap":{"0":{"loc":{"start":{"line":27,"column":2},"end":{"line":29,"column":3}},"type":"if","locations":[{"start":{"line":27,"column":2},"end":{"line":29,"column":3}},{"start":{},"end":{}}],"line":27}},"s":{"0":3,"1":3,"2":3,"3":3,"4":3,"5":0,"6":3,"7":3,"8":3,"9":0,"10":3},"f":{"0":3,"1":0},"b":{"0":[0,3]},"_coverageSchema":"1a1c01bbd47fc00a2c39e90264f33305004495a9","hash":"e0884c32d57f44e0ed4b85f141176e74f28ef678"}
,"C:\\Users\\HP\\Codings\\Altschool\\Second semester\\Assignments\\Exam\\routes\\blogs.route.js": {"path":"C:\\Users\\HP\\Codings\\Altschool\\Second semester\\Assignments\\Exam\\routes\\blogs.route.js","statementMap":{"0":{"start":{"line":1,"column":16},"end":{"line":1,"column":34}},"1":{"start":{"line":2,"column":15},"end":{"line":2,"column":31}},"2":{"start":{"line":3,"column":23},"end":{"line":3,"column":65}},"3":{"start":{"line":4,"column":23},"end":{"line":4,"column":65}},"4":{"start":{"line":7,"column":0},"end":{"line":7,"column":78}},"5":{"start":{"line":9,"column":0},"end":{"line":9,"column":53}},"6":{"start":{"line":10,"column":0},"end":{"line":10,"column":52}},"7":{"start":{"line":12,"column":0},"end":{"line":12,"column":40}},"8":{"start":{"line":14,"column":0},"end":{"line":14,"column":73}},"9":{"start":{"line":15,"column":0},"end":{"line":15,"column":55}},"10":{"start":{"line":16,"column":0},"end":{"line":16,"column":77}},"11":{"start":{"line":17,"column":0},"end":{"line":17,"column":49}},"12":{"start":{"line":20,"column":0},"end":{"line":20,"column":24}}},"fnMap":{},"branchMap":{},"s":{"0":3,"1":3,"2":3,"3":3,"4":3,"5":3,"6":3,"7":3,"8":3,"9":3,"10":3,"11":3,"12":3},"f":{},"b":{},"_coverageSchema":"1a1c01bbd47fc00a2c39e90264f33305004495a9","hash":"0ae85de7819cb61be82502f4a55804345392aad2"}
,"C:\\Users\\HP\\Codings\\Altschool\\Second semester\\Assignments\\Exam\\routes\\users.route.js": {"path":"C:\\Users\\HP\\Codings\\Altschool\\Second semester\\Assignments\\Exam\\routes\\users.route.js","statementMap":{"0":{"start":{"line":1,"column":16},"end":{"line":1,"column":34}},"1":{"start":{"line":2,"column":15},"end":{"line":2,"column":31}},"2":{"start":{"line":3,"column":23},"end":{"line":3,"column":65}},"3":{"start":{"line":4,"column":23},"end":{"line":4,"column":65}},"4":{"start":{"line":6,"column":0},"end":{"line":6,"column":76}},"5":{"start":{"line":7,"column":0},"end":{"line":7,"column":43}},"6":{"start":{"line":9,"column":0},"end":{"line":9,"column":24}}},"fnMap":{},"branchMap":{},"s":{"0":3,"1":3,"2":3,"3":3,"4":3,"5":3,"6":3},"f":{},"b":{},"_coverageSchema":"1a1c01bbd47fc00a2c39e90264f33305004495a9","hash":"a4732f37b5497b5c20eaebff0701d0b712c0102b"}
,"C:\\Users\\HP\\Codings\\Altschool\\Second semester\\Assignments\\Exam\\services\\blogs.service.js": {"path":"C:\\Users\\HP\\Codings\\Altschool\\Second semester\\Assignments\\Exam\\services\\blogs.service.js","statementMap":{"0":{"start":{"line":1,"column":18},"end":{"line":1,"column":50}},"1":{"start":{"line":2,"column":16},"end":{"line":2,"column":39}},"2":{"start":{"line":4,"column":29},"end":{"line":28,"column":1}},"3":{"start":{"line":5,"column":96},"end":{"line":5,"column":101}},"4":{"start":{"line":6,"column":19},"end":{"line":6,"column":41}},"5":{"start":{"line":7,"column":4},"end":{"line":9,"column":5}},"6":{"start":{"line":8,"column":8},"end":{"line":8,"column":31}},"7":{"start":{"line":10,"column":4},"end":{"line":12,"column":5}},"8":{"start":{"line":11,"column":8},"end":{"line":11,"column":56}},"9":{"start":{"line":13,"column":4},"end":{"line":15,"column":5}},"10":{"start":{"line":14,"column":8},"end":{"line":14,"column":70}},"11":{"start":{"line":14,"column":56},"end":{"line":14,"column":66}},"12":{"start":{"line":16,"column":28},"end":{"line":16,"column":71}},"13":{"start":{"line":17,"column":22},"end":{"line":17,"column":77}},"14":{"start":{"line":18,"column":22},"end":{"line":18,"column":46}},"15":{"start":{"line":19,"column":18},"end":{"line":22,"column":41}},"16":{"start":{"line":23,"column":4},"end":{"line":27,"column":7}},"17":{"start":{"line":30,"column":25},"end":{"line":49,"column":1}},"18":{"start":{"line":31,"column":17},"end":{"line":35,"column":54}},"19":{"start":{"line":37,"column":4},"end":{"line":42,"column":5}},"20":{"start":{"line":38,"column":8},"end":{"line":41,"column":10}},"21":{"start":{"line":44,"column":4},"end":{"line":48,"column":6}},"22":{"start":{"line":51,"column":21},"end":{"line":66,"column":1}},"23":{"start":{"line":52,"column":44},"end":{"line":52,"column":49}},"24":{"start":{"line":53,"column":19},"end":{"line":53,"column":29}},"25":{"start":{"line":54,"column":4},"end":{"line":56,"column":5}},"26":{"start":{"line":55,"column":8},"end":{"line":55,"column":29}},"27":{"start":{"line":57,"column":18},"end":{"line":60,"column":32}},"28":{"start":{"line":61,"column":4},"end":{"line":65,"column":7}},"29":{"start":{"line":68,"column":19},"end":{"line":75,"column":1}},"30":{"start":{"line":69,"column":17},"end":{"line":69,"column":49}},"31":{"start":{"line":70,"column":4},"end":{"line":74,"column":7}},"32":{"start":{"line":77,"column":20},"end":{"line":94,"column":1}},"33":{"start":{"line":78,"column":17},"end":{"line":82,"column":5}},"34":{"start":{"line":83,"column":4},"end":{"line":88,"column":5}},"35":{"start":{"line":84,"column":8},"end":{"line":87,"column":10}},"36":{"start":{"line":89,"column":4},"end":{"line":93,"column":6}},"37":{"start":{"line":96,"column":17},"end":{"line":119,"column":1}},"38":{"start":{"line":97,"column":45},"end":{"line":97,"column":53}},"39":{"start":{"line":98,"column":24},"end":{"line":98,"column":26}},"40":{"start":{"line":99,"column":4},"end":{"line":99,"column":42}},"41":{"start":{"line":99,"column":16},"end":{"line":99,"column":41}},"42":{"start":{"line":100,"column":4},"end":{"line":100,"column":60}},"43":{"start":{"line":100,"column":22},"end":{"line":100,"column":59}},"44":{"start":{"line":101,"column":4},"end":{"line":101,"column":39}},"45":{"start":{"line":101,"column":15},"end":{"line":101,"column":38}},"46":{"start":{"line":102,"column":4},"end":{"line":102,"column":39}},"47":{"start":{"line":102,"column":15},"end":{"line":102,"column":38}},"48":{"start":{"line":103,"column":17},"end":{"line":107,"column":5}},"49":{"start":{"line":108,"column":4},"end":{"line":113,"column":5}},"50":{"start":{"line":109,"column":8},"end":{"line":112,"column":10}},"51":{"start":{"line":114,"column":4},"end":{"line":118,"column":6}},"52":{"start":{"line":121,"column":19},"end":{"line":135,"column":1}},"53":{"start":{"line":122,"column":17},"end":{"line":124,"column":5}},"54":{"start":{"line":125,"column":4},"end":{"line":130,"column":5}},"55":{"start":{"line":126,"column":8},"end":{"line":129,"column":10}},"56":{"start":{"line":131,"column":4},"end":{"line":134,"column":6}},"57":{"start":{"line":137,"column":0},"end":{"line":145,"column":2}}},"fnMap":{"0":{"name":"(anonymous_0)","decl":{"start":{"line":4,"column":29},"end":{"line":4,"column":30}},"loc":{"start":{"line":4,"column":46},"end":{"line":28,"column":1}},"line":4},"1":{"name":"(anonymous_1)","decl":{"start":{"line":14,"column":49},"end":{"line":14,"column":50}},"loc":{"start":{"line":14,"column":56},"end":{"line":14,"column":66}},"line":14},"2":{"name":"(anonymous_2)","decl":{"start":{"line":30,"column":25},"end":{"line":30,"column":26}},"loc":{"start":{"line":30,"column":43},"end":{"line":49,"column":1}},"line":30},"3":{"name":"(anonymous_3)","decl":{"start":{"line":51,"column":21},"end":{"line":51,"column":22}},"loc":{"start":{"line":51,"column":46},"end":{"line":66,"column":1}},"line":51},"4":{"name":"(anonymous_4)","decl":{"start":{"line":68,"column":19},"end":{"line":68,"column":20}},"loc":{"start":{"line":68,"column":39},"end":{"line":75,"column":1}},"line":68},"5":{"name":"(anonymous_5)","decl":{"start":{"line":77,"column":20},"end":{"line":77,"column":21}},"loc":{"start":{"line":77,"column":46},"end":{"line":94,"column":1}},"line":77},"6":{"name":"(anonymous_6)","decl":{"start":{"line":96,"column":17},"end":{"line":96,"column":18}},"loc":{"start":{"line":96,"column":53},"end":{"line":119,"column":1}},"line":96},"7":{"name":"(anonymous_7)","decl":{"start":{"line":121,"column":19},"end":{"line":121,"column":20}},"loc":{"start":{"line":121,"column":45},"end":{"line":135,"column":1}},"line":121}},"branchMap":{"0":{"loc":{"start":{"line":5,"column":33},"end":{"line":5,"column":53}},"type":"default-arg","locations":[{"start":{"line":5,"column":42},"end":{"line":5,"column":53}}],"line":5},"1":{"loc":{"start":{"line":5,"column":55},"end":{"line":5,"column":69}},"type":"default-arg","locations":[{"start":{"line":5,"column":63},"end":{"line":5,"column":69}}],"line":5},"2":{"loc":{"start":{"line":5,"column":71},"end":{"line":5,"column":81}},"type":"default-arg","locations":[{"start":{"line":5,"column":79},"end":{"line":5,"column":81}}],"line":5},"3":{"loc":{"start":{"line":5,"column":83},"end":{"line":5,"column":91}},"type":"default-arg","locations":[{"start":{"line":5,"column":90},"end":{"line":5,"column":91}}],"line":5},"4":{"loc":{"start":{"line":7,"column":4},"end":{"line":9,"column":5}},"type":"if","locations":[{"start":{"line":7,"column":4},"end":{"line":9,"column":5}},{"start":{},"end":{}}],"line":7},"5":{"loc":{"start":{"line":10,"column":4},"end":{"line":12,"column":5}},"type":"if","locations":[{"start":{"line":10,"column":4},"end":{"line":12,"column":5}},{"start":{},"end":{}}],"line":10},"6":{"loc":{"start":{"line":13,"column":4},"end":{"line":15,"column":5}},"type":"if","locations":[{"start":{"line":13,"column":4},"end":{"line":15,"column":5}},{"start":{},"end":{}}],"line":13},"7":{"loc":{"start":{"line":17,"column":22},"end":{"line":17,"column":77}},"type":"cond-expr","locations":[{"start":{"line":17,"column":57},"end":{"line":17,"column":63}},{"start":{"line":17,"column":66},"end":{"line":17,"column":77}}],"line":17},"8":{"loc":{"start":{"line":18,"column":22},"end":{"line":18,"column":46}},"type":"cond-expr","locations":[{"start":{"line":18,"column":40},"end":{"line":18,"column":41}},{"start":{"line":18,"column":44},"end":{"line":18,"column":46}}],"line":18},"9":{"loc":{"start":{"line":37,"column":4},"end":{"line":42,"column":5}},"type":"if","locations":[{"start":{"line":37,"column":4},"end":{"line":42,"column":5}},{"start":{},"end":{}}],"line":37},"10":{"loc":{"start":{"line":52,"column":19},"end":{"line":52,"column":29}},"type":"default-arg","locations":[{"start":{"line":52,"column":27},"end":{"line":52,"column":29}}],"line":52},"11":{"loc":{"start":{"line":52,"column":31},"end":{"line":52,"column":39}},"type":"default-arg","locations":[{"start":{"line":52,"column":38},"end":{"line":52,"column":39}}],"line":52},"12":{"loc":{"start":{"line":54,"column":4},"end":{"line":56,"column":5}},"type":"if","locations":[{"start":{"line":54,"column":4},"end":{"line":56,"column":5}},{"start":{},"end":{}}],"line":54},"13":{"loc":{"start":{"line":83,"column":4},"end":{"line":88,"column":5}},"type":"if","locations":[{"start":{"line":83,"column":4},"end":{"line":88,"column":5}},{"start":{},"end":{}}],"line":83},"14":{"loc":{"start":{"line":99,"column":4},"end":{"line":99,"column":42}},"type":"if","locations":[{"start":{"line":99,"column":4},"end":{"line":99,"column":42}},{"start":{},"end":{}}],"line":99},"15":{"loc":{"start":{"line":100,"column":4},"end":{"line":100,"column":60}},"type":"if","locations":[{"start":{"line":100,"column":4},"end":{"line":100,"column":60}},{"start":{},"end":{}}],"line":100},"16":{"loc":{"start":{"line":101,"column":4},"end":{"line":101,"column":39}},"type":"if","locations":[{"start":{"line":101,"column":4},"end":{"line":101,"column":39}},{"start":{},"end":{}}],"line":101},"17":{"loc":{"start":{"line":102,"column":4},"end":{"line":102,"column":39}},"type":"if","locations":[{"start":{"line":102,"column":4},"end":{"line":102,"column":39}},{"start":{},"end":{}}],"line":102},"18":{"loc":{"start":{"line":108,"column":4},"end":{"line":113,"column":5}},"type":"if","locations":[{"start":{"line":108,"column":4},"end":{"line":113,"column":5}},{"start":{},"end":{}}],"line":108},"19":{"loc":{"start":{"line":125,"column":4},"end":{"line":130,"column":5}},"type":"if","locations":[{"start":{"line":125,"column":4},"end":{"line":130,"column":5}},{"start":{},"end":{}}],"line":125}},"s":{"0":3,"1":3,"2":3,"3":1,"4":1,"5":1,"6":0,"7":1,"8":0,"9":1,"10":0,"11":0,"12":1,"13":1,"14":1,"15":1,"16":1,"17":3,"18":0,"19":0,"20":0,"21":0,"22":3,"23":1,"24":1,"25":1,"26":0,"27":1,"28":1,"29":3,"30":2,"31":2,"32":3,"33":2,"34":2,"35":0,"36":2,"37":3,"38":1,"39":1,"40":1,"41":1,"42":1,"43":0,"44":1,"45":0,"46":1,"47":0,"48":1,"49":1,"50":1,"51":0,"52":3,"53":1,"54":1,"55":0,"56":1,"57":3},"f":{"0":1,"1":0,"2":0,"3":1,"4":2,"5":2,"6":1,"7":1},"b":{"0":[1],"1":[1],"2":[0],"3":[0],"4":[0,1],"5":[0,1],"6":[0,1],"7":[1,0],"8":[0,1],"9":[0,0],"10":[0],"11":[0],"12":[0,1],"13":[0,2],"14":[1,0],"15":[0,1],"16":[0,1],"17":[0,1],"18":[1,0],"19":[0,1]},"_coverageSchema":"1a1c01bbd47fc00a2c39e90264f33305004495a9","hash":"695c80c550a2f604f6f2547882eed2604ed929ce"}
,"C:\\Users\\HP\\Codings\\Altschool\\Second semester\\Assignments\\Exam\\services\\users.service.js": {"path":"C:\\Users\\HP\\Codings\\Altschool\\Second semester\\Assignments\\Exam\\services\\users.service.js","statementMap":{"0":{"start":{"line":1,"column":18},"end":{"line":1,"column":50}},"1":{"start":{"line":2,"column":16},"end":{"line":2,"column":39}},"2":{"start":{"line":4,"column":15},"end":{"line":18,"column":1}},"3":{"start":{"line":5,"column":17},"end":{"line":5,"column":49}},"4":{"start":{"line":7,"column":18},"end":{"line":12,"column":6}},"5":{"start":{"line":13,"column":4},"end":{"line":17,"column":6}},"6":{"start":{"line":20,"column":14},"end":{"line":48,"column":1}},"7":{"start":{"line":21,"column":17},"end":{"line":21,"column":72}},"8":{"start":{"line":22,"column":4},"end":{"line":27,"column":5}},"9":{"start":{"line":23,"column":8},"end":{"line":26,"column":11}},"10":{"start":{"line":29,"column":28},"end":{"line":29,"column":64}},"11":{"start":{"line":30,"column":4},"end":{"line":35,"column":5}},"12":{"start":{"line":31,"column":8},"end":{"line":34,"column":11}},"13":{"start":{"line":37,"column":18},"end":{"line":42,"column":6}},"14":{"start":{"line":43,"column":4},"end":{"line":47,"column":7}},"15":{"start":{"line":50,"column":0},"end":{"line":53,"column":2}}},"fnMap":{"0":{"name":"(anonymous_0)","decl":{"start":{"line":4,"column":15},"end":{"line":4,"column":16}},"loc":{"start":{"line":4,"column":35},"end":{"line":18,"column":1}},"line":4},"1":{"name":"(anonymous_1)","decl":{"start":{"line":20,"column":14},"end":{"line":20,"column":15}},"loc":{"start":{"line":20,"column":43},"end":{"line":48,"column":1}},"line":20}},"branchMap":{"0":{"loc":{"start":{"line":22,"column":4},"end":{"line":27,"column":5}},"type":"if","locations":[{"start":{"line":22,"column":4},"end":{"line":27,"column":5}},{"start":{},"end":{}}],"line":22},"1":{"loc":{"start":{"line":30,"column":4},"end":{"line":35,"column":5}},"type":"if","locations":[{"start":{"line":30,"column":4},"end":{"line":35,"column":5}},{"start":{},"end":{}}],"line":30}},"s":{"0":3,"1":3,"2":3,"3":3,"4":3,"5":3,"6":3,"7":0,"8":0,"9":0,"10":0,"11":0,"12":0,"13":0,"14":0,"15":3},"f":{"0":3,"1":0},"b":{"0":[0,0],"1":[0,0]},"_coverageSchema":"1a1c01bbd47fc00a2c39e90264f33305004495a9","hash":"292bcf9e0461864c14461be2eb8626ecabad14de"}
,"C:\\Users\\HP\\Codings\\Altschool\\Second semester\\Assignments\\Exam\\tests\\database.js": {"path":"C:\\Users\\HP\\Codings\\Altschool\\Second semester\\Assignments\\Exam\\tests\\database.js","statementMap":{"0":{"start":{"line":1,"column":17},"end":{"line":1,"column":36}},"1":{"start":{"line":2,"column":28},"end":{"line":2,"column":60}},"2":{"start":{"line":5,"column":0},"end":{"line":5,"column":34}},"3":{"start":{"line":9,"column":8},"end":{"line":9,"column":51}},"4":{"start":{"line":10,"column":8},"end":{"line":10,"column":31}},"5":{"start":{"line":14,"column":8},"end":{"line":14,"column":60}},"6":{"start":{"line":15,"column":20},"end":{"line":15,"column":51}},"7":{"start":{"line":16,"column":8},"end":{"line":19,"column":10}},"8":{"start":{"line":22,"column":8},"end":{"line":22,"column":43}},"9":{"start":{"line":23,"column":8},"end":{"line":23,"column":38}},"10":{"start":{"line":27,"column":28},"end":{"line":27,"column":70}},"11":{"start":{"line":28,"column":8},"end":{"line":30,"column":9}},"12":{"start":{"line":29,"column":12},"end":{"line":29,"column":44}},"13":{"start":{"line":34,"column":0},"end":{"line":38,"column":1}},"14":{"start":{"line":35,"column":21},"end":{"line":35,"column":35}},"15":{"start":{"line":36,"column":4},"end":{"line":36,"column":29}},"16":{"start":{"line":37,"column":4},"end":{"line":37,"column":19}}},"fnMap":{"0":{"name":"(anonymous_0)","decl":{"start":{"line":8,"column":4},"end":{"line":8,"column":5}},"loc":{"start":{"line":8,"column":18},"end":{"line":11,"column":5}},"line":8},"1":{"name":"(anonymous_1)","decl":{"start":{"line":13,"column":4},"end":{"line":13,"column":5}},"loc":{"start":{"line":13,"column":20},"end":{"line":20,"column":5}},"line":13},"2":{"name":"(anonymous_2)","decl":{"start":{"line":21,"column":4},"end":{"line":21,"column":5}},"loc":{"start":{"line":21,"column":23},"end":{"line":24,"column":5}},"line":21},"3":{"name":"(anonymous_3)","decl":{"start":{"line":26,"column":4},"end":{"line":26,"column":5}},"loc":{"start":{"line":26,"column":18},"end":{"line":31,"column":5}},"line":26},"4":{"name":"(anonymous_4)","decl":{"start":{"line":34,"column":26},"end":{"line":34,"column":27}},"loc":{"start":{"line":34,"column":38},"end":{"line":38,"column":1}},"line":34}},"branchMap":{},"s":{"0":2,"1":2,"2":2,"3":2,"4":2,"5":2,"6":2,"7":2,"8":2,"9":2,"10":2,"11":2,"12":4,"13":2,"14":2,"15":2,"16":2},"f":{"0":2,"1":2,"2":2,"3":2,"4":2},"b":{},"_coverageSchema":"1a1c01bbd47fc00a2c39e90264f33305004495a9","hash":"e6eab29025f7ae807caa92973227372abad02322"}
,"C:\\Users\\HP\\Codings\\Altschool\\Second semester\\Assignments\\Exam\\utils\\jwt.js": {"path":"C:\\Users\\HP\\Codings\\Altschool\\Second semester\\Assignments\\Exam\\utils\\jwt.js","statementMap":{"0":{"start":{"line":1,"column":12},"end":{"line":1,"column":35}},"1":{"start":{"line":2,"column":0},"end":{"line":2,"column":27}},"2":{"start":{"line":4,"column":15},"end":{"line":6,"column":1}},"3":{"start":{"line":5,"column":2},"end":{"line":5,"column":72}},"4":{"start":{"line":8,"column":15},"end":{"line":10,"column":1}},"5":{"start":{"line":9,"column":4},"end":{"line":9,"column":53}},"6":{"start":{"line":12,"column":0},"end":{"line":12,"column":36}}},"fnMap":{"0":{"name":"(anonymous_0)","decl":{"start":{"line":4,"column":15},"end":{"line":4,"column":16}},"loc":{"start":{"line":4,"column":28},"end":{"line":6,"column":1}},"line":4},"1":{"name":"(anonymous_1)","decl":{"start":{"line":8,"column":15},"end":{"line":8,"column":16}},"loc":{"start":{"line":8,"column":26},"end":{"line":10,"column":1}},"line":8}},"branchMap":{},"s":{"0":3,"1":3,"2":3,"3":3,"4":3,"5":7,"6":3},"f":{"0":3,"1":7},"b":{},"_coverageSchema":"1a1c01bbd47fc00a2c39e90264f33305004495a9","hash":"fc44d222265a30ef7013cb2577199458387fd8e1"}
}
