TN:
SF:app.js
FN:14,(anonymous_0)
FN:19,(anonymous_1)
FNF:2
FNH:1
FNDA:1,(anonymous_0)
FNDA:0,(anonymous_1)
DA:1,3
DA:2,3
DA:3,3
DA:5,3
DA:8,3
DA:10,3
DA:11,3
DA:14,3
DA:15,1
DA:19,3
DA:20,0
DA:24,3
LF:12
LH:11
BRF:0
BRH:0
end_of_record
TN:
SF:controllers\blogs.controller.js
FN:3,(anonymous_0)
FN:13,(anonymous_1)
FN:23,(anonymous_2)
FN:34,(anonymous_3)
FN:51,(anonymous_4)
FN:62,(anonymous_5)
FN:74,(anonymous_6)
FNF:7
FNH:6
FNDA:1,(anonymous_0)
FNDA:0,(anonymous_1)
FNDA:1,(anonymous_2)
FNDA:2,(anonymous_3)
FNDA:2,(anonymous_4)
FNDA:1,(anonymous_5)
FNDA:1,(anonymous_6)
DA:1,3
DA:3,3
DA:4,1
DA:5,1
DA:6,1
DA:7,1
DA:9,0
DA:13,3
DA:14,0
DA:15,0
DA:16,0
DA:17,0
DA:19,0
DA:23,3
DA:24,1
DA:25,1
DA:26,1
DA:27,1
DA:28,1
DA:30,0
DA:34,3
DA:35,2
DA:36,2
DA:37,2
DA:44,2
DA:45,2
DA:47,0
DA:51,3
DA:52,2
DA:53,2
DA:54,2
DA:55,2
DA:56,2
DA:58,0
DA:62,3
DA:63,1
DA:64,1
DA:65,1
DA:66,1
DA:67,1
DA:68,1
DA:70,0
DA:74,3
DA:75,1
DA:76,1
DA:77,1
DA:78,1
DA:79,1
DA:81,0
DA:85,3
LF:50
LH:39
BRDA:5,0,0,1
BRDA:5,1,0,1
BRDA:9,2,0,0
BRDA:9,2,1,0
BRDA:19,3,0,0
BRDA:19,3,1,0
BRDA:26,4,0,1
BRDA:26,5,0,1
BRDA:30,6,0,0
BRDA:30,6,1,0
BRDA:47,7,0,0
BRDA:47,7,1,0
BRDA:58,8,0,0
BRDA:58,8,1,0
BRDA:70,9,0,0
BRDA:70,9,1,0
BRDA:81,10,0,0
BRDA:81,10,1,0
BRF:18
BRH:4
end_of_record
TN:
SF:controllers\users.controller.js
FN:3,(anonymous_0)
FN:13,(anonymous_1)
FNF:2
FNH:1
FNDA:3,(anonymous_0)
FNDA:0,(anonymous_1)
DA:1,3
DA:3,3
DA:4,3
DA:5,3
DA:6,3
DA:7,3
DA:9,0
DA:13,3
DA:14,0
DA:15,0
DA:16,0
DA:17,0
DA:21,0
DA:22,0
DA:24,0
DA:28,3
LF:16
LH:8
BRDA:16,0,0,0
BRDA:16,0,1,0
BRDA:16,1,0,0
BRDA:16,1,1,0
BRF:4
BRH:0
end_of_record
TN:
SF:middlewares\blogs.middleware.js
FN:5,(anonymous_0)
FN:25,(anonymous_1)
FN:55,(anonymous_2)
FNF:3
FNH:3
FNDA:2,(anonymous_0)
FNDA:1,(anonymous_1)
FNDA:7,(anonymous_2)
DA:1,3
DA:2,3
DA:3,3
DA:5,3
DA:6,2
DA:13,2
DA:14,2
DA:15,2
DA:16,2
DA:17,0
DA:19,2
DA:21,0
DA:25,3
DA:26,1
DA:33,1
DA:34,1
DA:36,1
DA:37,1
DA:43,1
DA:44,0
DA:48,1
DA:50,0
DA:55,3
DA:56,7
DA:57,7
DA:58,0
DA:60,7
DA:61,7
DA:62,7
DA:63,7
DA:65,0
DA:69,3
LF:32
LH:26
BRDA:16,0,0,0
BRDA:16,0,1,2
BRDA:36,1,0,1
BRDA:36,1,1,0
BRDA:43,2,0,0
BRDA:43,2,1,1
BRDA:57,3,0,0
BRDA:57,3,1,7
BRF:8
BRH:4
end_of_record
TN:
SF:middlewares\users.middleware.js
FN:4,(anonymous_0)
FNF:1
FNH:1
FNDA:4,(anonymous_0)
DA:1,3
DA:2,3
DA:4,3
DA:5,4
DA:11,4
DA:12,4
DA:13,3
DA:14,3
DA:15,0
DA:17,3
DA:19,1
DA:23,3
LF:12
LH:11
BRDA:14,0,0,0
BRDA:14,0,1,3
BRF:2
BRH:1
end_of_record
TN:
SF:models\blogs.model.js
FN:40,(anonymous_0)
FNF:1
FNH:1
FNDA:2,(anonymous_0)
DA:1,3
DA:3,3
DA:40,3
DA:41,2
DA:42,2
DA:43,2
DA:44,2
DA:45,2
DA:48,3
LF:9
LH:9
BRDA:42,0,0,2
BRDA:42,0,1,0
BRF:2
BRH:1
end_of_record
TN:
SF:models\users.model.js
FN:26,(anonymous_0)
FN:35,(anonymous_1)
FNF:2
FNH:1
FNDA:3,(anonymous_0)
FNDA:0,(anonymous_1)
DA:1,3
DA:2,3
DA:4,3
DA:26,3
DA:27,3
DA:28,0
DA:30,3
DA:31,3
DA:35,3
DA:36,0
DA:39,3
LF:11
LH:9
BRDA:27,0,0,0
BRDA:27,0,1,3
BRF:2
BRH:1
end_of_record
TN:
SF:routes\blogs.route.js
FNF:0
FNH:0
DA:1,3
DA:2,3
DA:3,3
DA:4,3
DA:7,3
DA:9,3
DA:10,3
DA:12,3
DA:14,3
DA:15,3
DA:16,3
DA:17,3
DA:20,3
LF:13
LH:13
BRF:0
BRH:0
end_of_record
TN:
SF:routes\users.route.js
FNF:0
FNH:0
DA:1,3
DA:2,3
DA:3,3
DA:4,3
DA:6,3
DA:7,3
DA:9,3
LF:7
LH:7
BRF:0
BRH:0
end_of_record
TN:
SF:services\blogs.service.js
FN:4,(anonymous_0)
FN:14,(anonymous_1)
FN:30,(anonymous_2)
FN:51,(anonymous_3)
FN:68,(anonymous_4)
FN:77,(anonymous_5)
FN:96,(anonymous_6)
FN:121,(anonymous_7)
FNF:8
FNH:6
FNDA:1,(anonymous_0)
FNDA:0,(anonymous_1)
FNDA:0,(anonymous_2)
FNDA:1,(anonymous_3)
FNDA:2,(anonymous_4)
FNDA:2,(anonymous_5)
FNDA:1,(anonymous_6)
FNDA:1,(anonymous_7)
DA:1,3
DA:2,3
DA:4,3
DA:5,1
DA:6,1
DA:7,1
DA:8,0
DA:10,1
DA:11,0
DA:13,1
DA:14,0
DA:16,1
DA:17,1
DA:18,1
DA:19,1
DA:23,1
DA:30,3
DA:31,0
DA:37,0
DA:38,0
DA:44,0
DA:51,3
DA:52,1
DA:53,1
DA:54,1
DA:55,0
DA:57,1
DA:61,1
DA:68,3
DA:69,2
DA:70,2
DA:77,3
DA:78,2
DA:83,2
DA:84,0
DA:89,2
DA:96,3
DA:97,1
DA:98,1
DA:99,1
DA:100,1
DA:101,1
DA:102,1
DA:103,1
DA:108,1
DA:109,1
DA:114,0
DA:121,3
DA:122,1
DA:125,1
DA:126,0
DA:131,1
DA:137,3
LF:53
LH:42
BRDA:5,0,0,1
BRDA:5,1,0,1
BRDA:5,2,0,0
BRDA:5,3,0,0
BRDA:7,4,0,0
BRDA:7,4,1,1
BRDA:10,5,0,0
BRDA:10,5,1,1
BRDA:13,6,0,0
BRDA:13,6,1,1
BRDA:17,7,0,1
BRDA:17,7,1,0
BRDA:18,8,0,0
BRDA:18,8,1,1
BRDA:37,9,0,0
BRDA:37,9,1,0
BRDA:52,10,0,0
BRDA:52,11,0,0
BRDA:54,12,0,0
BRDA:54,12,1,1
BRDA:83,13,0,0
BRDA:83,13,1,2
BRDA:99,14,0,1
BRDA:99,14,1,0
BRDA:100,15,0,0
BRDA:100,15,1,1
BRDA:101,16,0,0
BRDA:101,16,1,1
BRDA:102,17,0,0
BRDA:102,17,1,1
BRDA:108,18,0,1
BRDA:108,18,1,0
BRDA:125,19,0,0
BRDA:125,19,1,1
BRF:34
BRH:15
end_of_record
TN:
SF:services\users.service.js
FN:4,(anonymous_0)
FN:20,(anonymous_1)
FNF:2
FNH:1
FNDA:3,(anonymous_0)
FNDA:0,(anonymous_1)
DA:1,3
DA:2,3
DA:4,3
DA:5,3
DA:7,3
DA:13,3
DA:20,3
DA:21,0
DA:22,0
DA:23,0
DA:29,0
DA:30,0
DA:31,0
DA:37,0
DA:43,0
DA:50,3
LF:16
LH:8
BRDA:22,0,0,0
BRDA:22,0,1,0
BRDA:30,1,0,0
BRDA:30,1,1,0
BRF:4
BRH:0
end_of_record
TN:
SF:tests\database.js
FN:8,(anonymous_0)
FN:13,(anonymous_1)
FN:21,(anonymous_2)
FN:26,(anonymous_3)
FN:34,(anonymous_4)
FNF:5
FNH:5
FNDA:2,(anonymous_0)
FNDA:2,(anonymous_1)
FNDA:2,(anonymous_2)
FNDA:2,(anonymous_3)
FNDA:2,(anonymous_4)
DA:1,2
DA:2,2
DA:5,2
DA:9,2
DA:10,2
DA:14,2
DA:15,2
DA:16,2
DA:22,2
DA:23,2
DA:27,2
DA:28,2
DA:29,4
DA:34,2
DA:35,2
DA:36,2
DA:37,2
LF:17
LH:17
BRF:0
BRH:0
end_of_record
TN:
SF:utils\jwt.js
FN:4,(anonymous_0)
FN:8,(anonymous_1)
FNF:2
FNH:2
FNDA:3,(anonymous_0)
FNDA:7,(anonymous_1)
DA:1,3
DA:2,3
DA:4,3
DA:5,3
DA:8,3
DA:9,7
DA:12,3
LF:7
LH:7
BRF:0
BRH:0
end_of_record
